# JRE version: Java(TM) SE Runtime Environment (8.0_05-b13) (build 1.8.0_05-b13)
# Java VM: Java HotSpot(TM) 64-Bit Server VM (25.5-b02 mixed mode bsd-amd64 compressed oops)
Heap:
 PSYoungGen      total 7680K, used 4629K [0x0000000795580000, 0x0000000795e80000, 0x00000007c0000000)
  eden space 6144K, 69% used [0x0000000795580000,0x00000007959ad448,0x0000000795b80000)
  from space 1536K, 22% used [0x0000000795b80000,0x0000000795bd8000,0x0000000795d00000)
  to   space 1536K, 0% used [0x0000000795d00000,0x0000000795d00000,0x0000000795e80000)
 ParOldGen       total 129536K, used 8414K [0x0000000740000000, 0x0000000747e80000, 0x0000000795580000)
  object space 129536K, 6% used [0x0000000740000000,0x0000000740837868,0x0000000747e80000)
 Metaspace       used 13823K, capacity 13942K, committed 14336K, reserved 1060864K
  class space    used 1910K, capacity 1948K, committed 2048K, reserved 1048576K
GC Heap History (10 events):
Event: 0.861 GC heap before
{Heap before GC invocations=9 (full 0):
 PSYoungGen      total 4608K, used 4562K [0x0000000795580000, 0x0000000795c80000, 0x00000007c0000000)
  eden space 3584K, 99% used [0x0000000795580000,0x00000007958fca40,0x0000000795900000)
  from space 1024K, 96% used [0x0000000795a80000,0x0000000795b78030,0x0000000795b80000)
  to   space 1536K, 0% used [0x0000000795900000,0x0000000795900000,0x0000000795a80000)
 ParOldGen       total 129536K, used 1052K [0x0000000740000000, 0x0000000747e80000, 0x0000000795580000)
  object space 129536K, 0% used [0x0000000740000000,0x0000000740107060,0x0000000747e80000)
 Metaspace       used 7396K, capacity 8410K, committed 8576K, reserved 1056768K
  class space    used 1023K, capacity 1034K, committed 1152K, reserved 1048576K
Event: 0.862 GC heap after
Heap after GC invocations=9 (full 0):
 PSYoungGen      total 5120K, used 1280K [0x0000000795580000, 0x0000000795e80000, 0x00000007c0000000)
  eden space 3584K, 0% used [0x0000000795580000,0x0000000795580000,0x0000000795900000)
  from space 1536K, 83% used [0x0000000795900000,0x0000000795a40010,0x0000000795a80000)
  to   space 1536K, 0% used [0x0000000795d00000,0x0000000795d00000,0x0000000795e80000)
 ParOldGen       total 129536K, used 1228K [0x0000000740000000, 0x0000000747e80000, 0x0000000795580000)
  object space 129536K, 0% used [0x0000000740000000,0x0000000740133070,0x0000000747e80000)
 Metaspace       used 7396K, capacity 8410K, committed 8576K, reserved 1056768K
  class space    used 1023K, capacity 1034K, committed 1152K, reserved 1048576K
}
Event: 1.111 GC heap before
{Heap before GC invocations=10 (full 0):
 PSYoungGen      total 5120K, used 4864K [0x0000000795580000, 0x0000000795e80000, 0x00000007c0000000)
  eden space 3584K, 100% used [0x0000000795580000,0x0000000795900000,0x0000000795900000)
  from space 1536K, 83% used [0x0000000795900000,0x0000000795a40010,0x0000000795a80000)
  to   space 1536K, 0% used [0x0000000795d00000,0x0000000795d00000,0x0000000795e80000)
 ParOldGen       total 129536K, used 1228K [0x0000000740000000, 0x0000000747e80000, 0x0000000795580000)
  object space 129536K, 0% used [0x0000000740000000,0x0000000740133070,0x0000000747e80000)
 Metaspace       used 8949K, capacity 9826K, committed 10112K, reserved 1058816K
  class space    used 1264K, capacity 1298K, committed 1408K, reserved 1048576K
Event: 1.112 GC heap after
Heap after GC invocations=10 (full 0):
 PSYoungGen      total 7680K, used 864K [0x0000000795580000, 0x0000000795e80000, 0x00000007c0000000)
  eden space 6144K, 0% used [0x0000000795580000,0x0000000795580000,0x0000000795b80000)
  from space 1536K, 56% used [0x0000000795d00000,0x0000000795dd8000,0x0000000795e80000)
  to   space 1536K, 0% used [0x0000000795b80000,0x0000000795b80000,0x0000000795d00000)
 ParOldGen       total 129536K, used 1892K [0x0000000740000000, 0x0000000747e80000, 0x0000000795580000)
  object space 129536K, 1% used [0x0000000740000000,0x00000007401d9080,0x0000000747e80000)
 Metaspace       used 8949K, capacity 9826K, committed 10112K, reserved 1058816K
  class space    used 1264K, capacity 1298K, committed 1408K, reserved 1048576K
}
Event: 1.628 GC heap before
{Heap before GC invocations=11 (full 0):
 PSYoungGen      total 7680K, used 7008K [0x0000000795580000, 0x0000000795e80000, 0x00000007c0000000)
  eden space 6144K, 100% used [0x0000000795580000,0x0000000795b80000,0x0000000795b80000)
  from space 1536K, 56% used [0x0000000795d00000,0x0000000795dd8000,0x0000000795e80000)
  to   space 1536K, 0% used [0x0000000795b80000,0x0000000795b80000,0x0000000795d00000)
 ParOldGen       total 129536K, used 1892K [0x0000000740000000, 0x0000000747e80000, 0x0000000795580000)
  object space 129536K, 1% used [0x0000000740000000,0x00000007401d9080,0x0000000747e80000)
 Metaspace       used 11185K, capacity 11592K, committed 11776K, reserved 1058816K
  class space    used 1647K, capacity 1701K, committed 1792K, reserved 1048576K
Event: 1.630 GC heap after
Heap after GC invocations=11 (full 0):
 PSYoungGen      total 7680K, used 1408K [0x0000000795580000, 0x0000000795e80000, 0x00000007c0000000)
  eden space 6144K, 0% used [0x0000000795580000,0x0000000795580000,0x0000000795b80000)
  from space 1536K, 91% used [0x0000000795b80000,0x0000000795ce0000,0x0000000795d00000)
  to   space 1536K, 0% used [0x0000000795d00000,0x0000000795d00000,0x0000000795e80000)
 ParOldGen       total 129536K, used 2596K [0x0000000740000000, 0x0000000747e80000, 0x0000000795580000)
  object space 129536K, 2% used [0x0000000740000000,0x0000000740289080,0x0000000747e80000)
 Metaspace       used 11185K, capacity 11592K, committed 11776K, reserved 1058816K
  class space    used 1647K, capacity 1701K, committed 1792K, reserved 1048576K
}
Event: 3.425 GC heap before
{Heap before GC invocations=12 (full 0):
 PSYoungGen      total 7680K, used 7552K [0x0000000795580000, 0x0000000795e80000, 0x00000007c0000000)
  eden space 6144K, 100% used [0x0000000795580000,0x0000000795b80000,0x0000000795b80000)
  from space 1536K, 91% used [0x0000000795b80000,0x0000000795ce0000,0x0000000795d00000)
  to   space 1536K, 0% used [0x0000000795d00000,0x0000000795d00000,0x0000000795e80000)
 ParOldGen       total 129536K, used 2596K [0x0000000740000000, 0x0000000747e80000, 0x0000000795580000)
  object space 129536K, 2% used [0x0000000740000000,0x0000000740289080,0x0000000747e80000)
 Metaspace       used 12973K, capacity 13050K, committed 13184K, reserved 1060864K
  class space    used 1881K, capacity 1908K, committed 1920K, reserved 1048576K
Event: 3.428 GC heap after
Heap after GC invocations=12 (full 0):
 PSYoungGen      total 7680K, used 626K [0x0000000795580000, 0x0000000795e80000, 0x00000007c0000000)
  eden space 6144K, 0% used [0x0000000795580000,0x0000000795580000,0x0000000795b80000)
  from space 1536K, 40% used [0x0000000795d00000,0x0000000795d9ca80,0x0000000795e80000)
  to   space 1536K, 0% used [0x0000000795b80000,0x0000000795b80000,0x0000000795d00000)
 ParOldGen       total 129536K, used 7944K [0x0000000740000000, 0x0000000747e80000, 0x0000000795580000)
  object space 129536K, 6% used [0x0000000740000000,0x00000007407c2368,0x0000000747e80000)
 Metaspace       used 12973K, capacity 13050K, committed 13184K, reserved 1060864K
  class space    used 1881K, capacity 1908K, committed 1920K, reserved 1048576K
}
Event: 106.762 GC heap before
{Heap before GC invocations=13 (full 0):
 PSYoungGen      total 7680K, used 6770K [0x0000000795580000, 0x0000000795e80000, 0x00000007c0000000)
  eden space 6144K, 100% used [0x0000000795580000,0x0000000795b80000,0x0000000795b80000)
  from space 1536K, 40% used [0x0000000795d00000,0x0000000795d9ca80,0x0000000795e80000)
  to   space 1536K, 0% used [0x0000000795b80000,0x0000000795b80000,0x0000000795d00000)
 ParOldGen       total 129536K, used 7944K [0x0000000740000000, 0x0000000747e80000, 0x0000000795580000)
  object space 129536K, 6% used [0x0000000740000000,0x00000007407c2368,0x0000000747e80000)
 Metaspace       used 13642K, capacity 13750K, committed 14080K, reserved 1060864K
  class space    used 1902K, capacity 1948K, committed 2048K, reserved 1048576K
Event: 106.764 GC heap after
Heap after GC invocations=13 (full 0):
 PSYoungGen      total 7680K, used 352K [0x0000000795580000, 0x0000000795e80000, 0x00000007c0000000)
  eden space 6144K, 0% used [0x0000000795580000,0x0000000795580000,0x0000000795b80000)
  from space 1536K, 22% used [0x0000000795b80000,0x0000000795bd8000,0x0000000795d00000)
  to   space 1536K, 0% used [0x0000000795d00000,0x0000000795d00000,0x0000000795e80000)
 ParOldGen       total 129536K, used 8414K [0x0000000740000000, 0x0000000747e80000, 0x0000000795580000)
  object space 129536K, 6% used [0x0000000740000000,0x0000000740837868,0x0000000747e80000)
 Metaspace       used 13642K, capacity 13750K, committed 14080K, reserved 1060864K
  class space    used 1902K, capacity 1948K, committed 2048K, reserved 1048576K
}

